2024-04-25 08:51:02.156 DEBUG Horse      : Создание Horse, имя [Bucephalus], скорость [2.4]
2024-04-25 08:51:02.172 DEBUG Horse      : Создание Horse, имя [Ace of Spades], скорость [2.5]
2024-04-25 08:51:02.172 DEBUG Horse      : Создание Horse, имя [Zephyr], скорость [2.6]
2024-04-25 08:51:02.172 DEBUG Horse      : Создание Horse, имя [Blaze], скорость [2.7]
2024-04-25 08:51:02.172 DEBUG Horse      : Создание Horse, имя [Lobster], скорость [2.8]
2024-04-25 08:51:02.172 DEBUG Horse      : Создание Horse, имя [Pegasus], скорость [2.9]
2024-04-25 08:51:02.172 DEBUG Horse      : Создание Horse, имя [Cherry], скорость [3.0]
2024-04-25 08:51:02.172 DEBUG Hippodrome : Создание Hippodrome, лошадей [7]
2024-04-25 08:51:02.172 INFO  Main       : Начало скачек. Количество участников: 7
2024-04-25 08:52:03.362 DEBUG Horse      : Создание Horse, имя [Bucephalus], скорость [2.4]
2024-04-25 08:52:03.362 DEBUG Horse      : Создание Horse, имя [Ace of Spades], скорость [2.5]
2024-04-25 08:52:03.362 DEBUG Horse      : Создание Horse, имя [Zephyr], скорость [2.6]
2024-04-25 08:52:03.362 DEBUG Horse      : Создание Horse, имя [Blaze], скорость [2.7]
2024-04-25 08:52:03.362 DEBUG Horse      : Создание Horse, имя [Lobster], скорость [2.8]
2024-04-25 08:52:03.362 DEBUG Horse      : Создание Horse, имя [Pegasus], скорость [2.9]
2024-04-25 08:52:03.362 DEBUG Horse      : Создание Horse, имя [Cherry], скорость [3.0]
2024-04-25 08:52:03.362 DEBUG Hippodrome : Создание Hippodrome, лошадей [7]
2024-04-25 08:52:03.362 INFO  Main       : Начало скачек. Количество участников: 7
2024-04-25 08:54:06.711 DEBUG Horse      : Создание Horse, имя [Конь], скорость [1.0]
2024-04-25 08:54:06.711 DEBUG Horse      : Создание Horse, имя [Конь], скорость [1.0]
2024-04-25 08:54:06.757 DEBUG Horse      : Создание Horse, имя [Конь], скорость [1.0]
2024-04-25 08:54:06.757 DEBUG Horse      : Создание Horse, имя [Конь], скорость [1.0]
2024-04-25 08:54:06.773 ERROR Horse      : Name is null
2024-04-25 08:54:06.820 DEBUG Horse      : Создание Horse, имя [Конь], скорость [1.0]
2024-04-25 08:54:06.836 DEBUG Horse      : Создание Horse, имя [Конь], скорость [1.0]
2024-04-25 08:54:06.898 ERROR Horse      : Name is blank
2024-04-25 08:54:06.914 DEBUG Horse      : Создание Horse, имя [Конь], скорость [1.0]
2024-04-25 08:54:06.914 DEBUG Horse      : Создание Horse, имя [Конь], скорость [1.0]
2024-04-25 08:54:06.914 ERROR Horse      : Name is blank
2024-04-25 08:54:06.914 DEBUG Horse      : Создание Horse, имя [Конь], скорость [1.0]
2024-04-25 08:54:06.914 DEBUG Horse      : Создание Horse, имя [Конь], скорость [1.0]
2024-04-25 08:54:06.929 ERROR Horse      : Name is blank
2024-04-25 08:54:06.929 DEBUG Horse      : Создание Horse, имя [Конь], скорость [1.0]
2024-04-25 08:54:06.929 DEBUG Horse      : Создание Horse, имя [Конь], скорость [1.0]
2024-04-25 08:54:06.945 ERROR Horse      : Name is blank
2024-04-25 08:54:06.945 DEBUG Horse      : Создание Horse, имя [Конь], скорость [1.0]
2024-04-25 08:54:06.945 DEBUG Horse      : Создание Horse, имя [Конь], скорость [1.0]
2024-04-25 08:54:06.945 ERROR Horse      : Name is blank
2024-04-25 08:54:06.961 DEBUG Horse      : Создание Horse, имя [Конь], скорость [1.0]
2024-04-25 08:54:06.961 DEBUG Horse      : Создание Horse, имя [Конь], скорость [1.0]
2024-04-25 08:54:08.639 DEBUG Horse      : Создание Horse, имя [Конь], скорость [1.0]
2024-04-25 08:54:08.639 DEBUG Horse      : Создание Horse, имя [Конь], скорость [1.0]
2024-04-25 08:54:08.654 DEBUG Horse      : Создание Horse, имя [Конь], скорость [1.0]
2024-04-25 08:54:08.654 DEBUG Horse      : Создание Horse, имя [Конь], скорость [1.0]
2024-04-25 08:54:08.670 DEBUG Horse      : Создание Horse, имя [Конь], скорость [1.0]
2024-04-25 08:54:08.670 DEBUG Horse      : Создание Horse, имя [Конь], скорость [1.0]
2024-04-25 08:54:08.670 ERROR Horse      : Speed is negative
2024-04-25 08:54:08.670 DEBUG Horse      : Создание Horse, имя [Конь], скорость [1.0]
2024-04-25 08:54:08.670 DEBUG Horse      : Создание Horse, имя [Конь], скорость [1.0]
2024-04-25 08:54:08.685 DEBUG Horse      : Создание Horse, имя [Конь], скорость [1.0]
2024-04-25 08:54:08.685 DEBUG Horse      : Создание Horse, имя [Конь], скорость [1.0]
2024-04-25 08:54:08.685 ERROR Horse      : Distance is negative
2024-04-25 08:54:28.344 DEBUG Hippodrome : Создание Hippodrome, лошадей [50]
2024-04-25 08:54:28.516 ERROR Hippodrome : Horses list is empty
2024-04-25 08:54:28.532 DEBUG Horse      : Создание Horse, имя [Конь0], скорость [1.0]
2024-04-25 08:54:28.532 DEBUG Horse      : Создание Horse, имя [Конь1], скорость [1.0]
2024-04-25 08:54:28.547 DEBUG Horse      : Создание Horse, имя [Конь2], скорость [1.0]
2024-04-25 08:54:28.547 DEBUG Horse      : Создание Horse, имя [Конь3], скорость [1.0]
2024-04-25 08:54:28.547 DEBUG Horse      : Создание Horse, имя [Конь4], скорость [1.0]
2024-04-25 08:54:28.547 DEBUG Horse      : Создание Horse, имя [Конь5], скорость [1.0]
2024-04-25 08:54:28.547 DEBUG Horse      : Создание Horse, имя [Конь6], скорость [1.0]
2024-04-25 08:54:28.547 DEBUG Horse      : Создание Horse, имя [Конь7], скорость [1.0]
2024-04-25 08:54:28.547 DEBUG Horse      : Создание Horse, имя [Конь8], скорость [1.0]
2024-04-25 08:54:28.547 DEBUG Horse      : Создание Horse, имя [Конь9], скорость [1.0]
2024-04-25 08:54:28.547 DEBUG Horse      : Создание Horse, имя [Конь10], скорость [1.0]
2024-04-25 08:54:28.547 DEBUG Horse      : Создание Horse, имя [Конь11], скорость [1.0]
2024-04-25 08:54:28.547 DEBUG Horse      : Создание Horse, имя [Конь12], скорость [1.0]
2024-04-25 08:54:28.547 DEBUG Horse      : Создание Horse, имя [Конь13], скорость [1.0]
2024-04-25 08:54:28.547 DEBUG Horse      : Создание Horse, имя [Конь14], скорость [1.0]
2024-04-25 08:54:28.547 DEBUG Horse      : Создание Horse, имя [Конь15], скорость [1.0]
2024-04-25 08:54:28.547 DEBUG Horse      : Создание Horse, имя [Конь16], скорость [1.0]
2024-04-25 08:54:28.547 DEBUG Horse      : Создание Horse, имя [Конь17], скорость [1.0]
2024-04-25 08:54:28.547 DEBUG Horse      : Создание Horse, имя [Конь18], скорость [1.0]
2024-04-25 08:54:28.547 DEBUG Horse      : Создание Horse, имя [Конь19], скорость [1.0]
2024-04-25 08:54:28.547 DEBUG Horse      : Создание Horse, имя [Конь20], скорость [1.0]
2024-04-25 08:54:28.547 DEBUG Horse      : Создание Horse, имя [Конь21], скорость [1.0]
2024-04-25 08:54:28.547 DEBUG Horse      : Создание Horse, имя [Конь22], скорость [1.0]
2024-04-25 08:54:28.547 DEBUG Horse      : Создание Horse, имя [Конь23], скорость [1.0]
2024-04-25 08:54:28.547 DEBUG Horse      : Создание Horse, имя [Конь24], скорость [1.0]
2024-04-25 08:54:28.547 DEBUG Horse      : Создание Horse, имя [Конь25], скорость [1.0]
2024-04-25 08:54:28.547 DEBUG Horse      : Создание Horse, имя [Конь26], скорость [1.0]
2024-04-25 08:54:28.547 DEBUG Horse      : Создание Horse, имя [Конь27], скорость [1.0]
2024-04-25 08:54:28.547 DEBUG Horse      : Создание Horse, имя [Конь28], скорость [1.0]
2024-04-25 08:54:28.547 DEBUG Horse      : Создание Horse, имя [Конь29], скорость [1.0]
2024-04-25 08:54:28.547 DEBUG Hippodrome : Создание Hippodrome, лошадей [30]
2024-04-25 08:54:28.563 DEBUG Horse      : Создание Horse, имя [Bucephalus], скорость [2.4]
2024-04-25 08:54:28.563 DEBUG Horse      : Создание Horse, имя [Ace of Spades], скорость [2.5]
2024-04-25 08:54:28.563 DEBUG Horse      : Создание Horse, имя [Zephyr], скорость [2.6]
2024-04-25 08:54:28.563 DEBUG Horse      : Создание Horse, имя [Blaze], скорость [2.7]
2024-04-25 08:54:28.563 DEBUG Horse      : Создание Horse, имя [Lobster], скорость [2.8]
2024-04-25 08:54:28.563 DEBUG Horse      : Создание Horse, имя [Pegasus], скорость [2.9]
2024-04-25 08:54:28.563 DEBUG Horse      : Создание Horse, имя [Cherry], скорость [3.0]
2024-04-25 08:54:28.563 DEBUG Hippodrome : Создание Hippodrome, лошадей [7]
2024-04-25 08:54:28.582 ERROR Hippodrome : Horses list is null
