2024-04-23 13:38:54.247 DEBUG Hippodrome : Создание Hippodrome, лошадей [50]
2024-04-23 13:38:54.459 ERROR Hippodrome : Horses list is empty
2024-04-23 13:38:54.471 DEBUG Horse : Создание Horse, имя [Конь0], скорость [1.0]
2024-04-23 13:38:54.471 DEBUG Horse : Создание Horse, имя [Конь1], скорость [1.0]
2024-04-23 13:38:54.471 DEBUG Horse : Создание Horse, имя [Конь2], скорость [1.0]
2024-04-23 13:38:54.472 DEBUG Horse : Создание Horse, имя [Конь3], скорость [1.0]
2024-04-23 13:38:54.472 DEBUG Horse : Создание Horse, имя [Конь4], скорость [1.0]
2024-04-23 13:38:54.473 DEBUG Horse : Создание Horse, имя [Конь5], скорость [1.0]
2024-04-23 13:38:54.473 DEBUG Horse : Создание Horse, имя [Конь6], скорость [1.0]
2024-04-23 13:38:54.473 DEBUG Horse : Создание Horse, имя [Конь7], скорость [1.0]
2024-04-23 13:38:54.473 DEBUG Horse : Создание Horse, имя [Конь8], скорость [1.0]
2024-04-23 13:38:54.474 DEBUG Horse : Создание Horse, имя [Конь9], скорость [1.0]
2024-04-23 13:38:54.474 DEBUG Horse : Создание Horse, имя [Конь10], скорость [1.0]
2024-04-23 13:38:54.474 DEBUG Horse : Создание Horse, имя [Конь11], скорость [1.0]
2024-04-23 13:38:54.474 DEBUG Horse : Создание Horse, имя [Конь12], скорость [1.0]
2024-04-23 13:38:54.474 DEBUG Horse : Создание Horse, имя [Конь13], скорость [1.0]
2024-04-23 13:38:54.474 DEBUG Horse : Создание Horse, имя [Конь14], скорость [1.0]
2024-04-23 13:38:54.474 DEBUG Horse : Создание Horse, имя [Конь15], скорость [1.0]
2024-04-23 13:38:54.475 DEBUG Horse : Создание Horse, имя [Конь16], скорость [1.0]
2024-04-23 13:38:54.475 DEBUG Horse : Создание Horse, имя [Конь17], скорость [1.0]
2024-04-23 13:38:54.475 DEBUG Horse : Создание Horse, имя [Конь18], скорость [1.0]
2024-04-23 13:38:54.475 DEBUG Horse : Создание Horse, имя [Конь19], скорость [1.0]
2024-04-23 13:38:54.475 DEBUG Horse : Создание Horse, имя [Конь20], скорость [1.0]
2024-04-23 13:38:54.475 DEBUG Horse : Создание Horse, имя [Конь21], скорость [1.0]
2024-04-23 13:38:54.476 DEBUG Horse : Создание Horse, имя [Конь22], скорость [1.0]
2024-04-23 13:38:54.476 DEBUG Horse : Создание Horse, имя [Конь23], скорость [1.0]
2024-04-23 13:38:54.476 DEBUG Horse : Создание Horse, имя [Конь24], скорость [1.0]
2024-04-23 13:38:54.476 DEBUG Horse : Создание Horse, имя [Конь25], скорость [1.0]
2024-04-23 13:38:54.476 DEBUG Horse : Создание Horse, имя [Конь26], скорость [1.0]
2024-04-23 13:38:54.476 DEBUG Horse : Создание Horse, имя [Конь27], скорость [1.0]
2024-04-23 13:38:54.477 DEBUG Horse : Создание Horse, имя [Конь28], скорость [1.0]
2024-04-23 13:38:54.477 DEBUG Horse : Создание Horse, имя [Конь29], скорость [1.0]
2024-04-23 13:38:54.477 DEBUG Hippodrome : Создание Hippodrome, лошадей [30]
2024-04-23 13:38:54.483 DEBUG Horse : Создание Horse, имя [Bucephalus], скорость [2.4]
2024-04-23 13:38:54.483 DEBUG Horse : Создание Horse, имя [Ace of Spades], скорость [2.5]
2024-04-23 13:38:54.483 DEBUG Horse : Создание Horse, имя [Zephyr], скорость [2.6]
2024-04-23 13:38:54.487 DEBUG Horse : Создание Horse, имя [Blaze], скорость [2.7]
2024-04-23 13:38:54.487 DEBUG Horse : Создание Horse, имя [Lobster], скорость [2.8]
2024-04-23 13:38:54.487 DEBUG Horse : Создание Horse, имя [Pegasus], скорость [2.9]
2024-04-23 13:38:54.487 DEBUG Horse : Создание Horse, имя [Cherry], скорость [3.0]
2024-04-23 13:38:54.488 DEBUG Hippodrome : Создание Hippodrome, лошадей [7]
2024-04-23 13:38:54.498 ERROR Hippodrome : Horses list is null
2024-04-23 13:38:54.553 DEBUG Horse : Создание Horse, имя [Конь], скорость [1.0]
2024-04-23 13:38:54.553 DEBUG Horse : Создание Horse, имя [Конь], скорость [1.0]
2024-04-23 13:38:54.565 DEBUG Horse : Создание Horse, имя [Конь], скорость [1.0]
2024-04-23 13:38:54.566 DEBUG Horse : Создание Horse, имя [Конь], скорость [1.0]
2024-04-23 13:38:54.570 ERROR Horse : Name is null
2024-04-23 13:38:54.662 DEBUG Horse : Создание Horse, имя [Конь], скорость [1.0]
2024-04-23 13:38:54.663 DEBUG Horse : Создание Horse, имя [Конь], скорость [1.0]
2024-04-23 13:38:54.722 ERROR Horse : Name is blank
2024-04-23 13:38:54.736 DEBUG Horse : Создание Horse, имя [Конь], скорость [1.0]
2024-04-23 13:38:54.737 DEBUG Horse : Создание Horse, имя [Конь], скорость [1.0]
2024-04-23 13:38:54.740 ERROR Horse : Name is blank
2024-04-23 13:38:54.746 DEBUG Horse : Создание Horse, имя [Конь], скорость [1.0]
2024-04-23 13:38:54.747 DEBUG Horse : Создание Horse, имя [Конь], скорость [1.0]
2024-04-23 13:38:54.749 ERROR Horse : Name is blank
2024-04-23 13:38:54.752 DEBUG Horse : Создание Horse, имя [Конь], скорость [1.0]
2024-04-23 13:38:54.753 DEBUG Horse : Создание Horse, имя [Конь], скорость [1.0]
2024-04-23 13:38:54.758 ERROR Horse : Name is blank
2024-04-23 13:38:54.761 DEBUG Horse : Создание Horse, имя [Конь], скорость [1.0]
2024-04-23 13:38:54.761 DEBUG Horse : Создание Horse, имя [Конь], скорость [1.0]
2024-04-23 13:38:54.764 ERROR Horse : Name is blank
2024-04-23 13:38:54.768 DEBUG Horse : Создание Horse, имя [Конь], скорость [1.0]
2024-04-23 13:38:54.769 DEBUG Horse : Создание Horse, имя [Конь], скорость [1.0]
2024-04-23 13:38:54.784 DEBUG Horse : Создание Horse, имя [Конь], скорость [1.0]
2024-04-23 13:38:54.784 DEBUG Horse : Создание Horse, имя [Конь], скорость [1.0]
2024-04-23 13:38:54.790 DEBUG Horse : Создание Horse, имя [Конь], скорость [1.0]
2024-04-23 13:38:54.790 DEBUG Horse : Создание Horse, имя [Конь], скорость [1.0]
2024-04-23 13:38:54.795 DEBUG Horse : Создание Horse, имя [Конь], скорость [1.0]
2024-04-23 13:38:54.795 DEBUG Horse : Создание Horse, имя [Конь], скорость [1.0]
2024-04-23 13:38:54.798 ERROR Horse : Speed is negative
2024-04-23 13:38:54.800 DEBUG Horse : Создание Horse, имя [Конь], скорость [1.0]
2024-04-23 13:38:54.800 DEBUG Horse : Создание Horse, имя [Конь], скорость [1.0]
2024-04-23 13:38:54.804 DEBUG Horse : Создание Horse, имя [Конь], скорость [1.0]
2024-04-23 13:38:54.804 DEBUG Horse : Создание Horse, имя [Конь], скорость [1.0]
2024-04-23 13:38:54.808 ERROR Horse : Distance is negative
