2024-04-23 13:47:55.453 DEBUG Hippodrome : Создание Hippodrome, лошадей [50]
2024-04-23 13:47:55.700 ERROR Hippodrome : Horses list is empty
2024-04-23 13:47:55.715 DEBUG Horse : Создание Horse, имя [Конь0], скорость [1.0]
2024-04-23 13:47:55.715 DEBUG Horse : Создание Horse, имя [Конь1], скорость [1.0]
2024-04-23 13:47:55.716 DEBUG Horse : Создание Horse, имя [Конь2], скорость [1.0]
2024-04-23 13:47:55.716 DEBUG Horse : Создание Horse, имя [Конь3], скорость [1.0]
2024-04-23 13:47:55.717 DEBUG Horse : Создание Horse, имя [Конь4], скорость [1.0]
2024-04-23 13:47:55.718 DEBUG Horse : Создание Horse, имя [Конь5], скорость [1.0]
2024-04-23 13:47:55.718 DEBUG Horse : Создание Horse, имя [Конь6], скорость [1.0]
2024-04-23 13:47:55.718 DEBUG Horse : Создание Horse, имя [Конь7], скорость [1.0]
2024-04-23 13:47:55.721 DEBUG Horse : Создание Horse, имя [Конь8], скорость [1.0]
2024-04-23 13:47:55.721 DEBUG Horse : Создание Horse, имя [Конь9], скорость [1.0]
2024-04-23 13:47:55.721 DEBUG Horse : Создание Horse, имя [Конь10], скорость [1.0]
2024-04-23 13:47:55.721 DEBUG Horse : Создание Horse, имя [Конь11], скорость [1.0]
2024-04-23 13:47:55.721 DEBUG Horse : Создание Horse, имя [Конь12], скорость [1.0]
2024-04-23 13:47:55.722 DEBUG Horse : Создание Horse, имя [Конь13], скорость [1.0]
2024-04-23 13:47:55.722 DEBUG Horse : Создание Horse, имя [Конь14], скорость [1.0]
2024-04-23 13:47:55.722 DEBUG Horse : Создание Horse, имя [Конь15], скорость [1.0]
2024-04-23 13:47:55.722 DEBUG Horse : Создание Horse, имя [Конь16], скорость [1.0]
2024-04-23 13:47:55.722 DEBUG Horse : Создание Horse, имя [Конь17], скорость [1.0]
2024-04-23 13:47:55.722 DEBUG Horse : Создание Horse, имя [Конь18], скорость [1.0]
2024-04-23 13:47:55.722 DEBUG Horse : Создание Horse, имя [Конь19], скорость [1.0]
2024-04-23 13:47:55.723 DEBUG Horse : Создание Horse, имя [Конь20], скорость [1.0]
2024-04-23 13:47:55.723 DEBUG Horse : Создание Horse, имя [Конь21], скорость [1.0]
2024-04-23 13:47:55.723 DEBUG Horse : Создание Horse, имя [Конь22], скорость [1.0]
2024-04-23 13:47:55.723 DEBUG Horse : Создание Horse, имя [Конь23], скорость [1.0]
2024-04-23 13:47:55.723 DEBUG Horse : Создание Horse, имя [Конь24], скорость [1.0]
2024-04-23 13:47:55.723 DEBUG Horse : Создание Horse, имя [Конь25], скорость [1.0]
2024-04-23 13:47:55.723 DEBUG Horse : Создание Horse, имя [Конь26], скорость [1.0]
2024-04-23 13:47:55.724 DEBUG Horse : Создание Horse, имя [Конь27], скорость [1.0]
2024-04-23 13:47:55.724 DEBUG Horse : Создание Horse, имя [Конь28], скорость [1.0]
2024-04-23 13:47:55.724 DEBUG Horse : Создание Horse, имя [Конь29], скорость [1.0]
2024-04-23 13:47:55.724 DEBUG Hippodrome : Создание Hippodrome, лошадей [30]
2024-04-23 13:47:55.732 DEBUG Horse : Создание Horse, имя [Bucephalus], скорость [2.4]
2024-04-23 13:47:55.733 DEBUG Horse : Создание Horse, имя [Ace of Spades], скорость [2.5]
2024-04-23 13:47:55.733 DEBUG Horse : Создание Horse, имя [Zephyr], скорость [2.6]
2024-04-23 13:47:55.733 DEBUG Horse : Создание Horse, имя [Blaze], скорость [2.7]
2024-04-23 13:47:55.733 DEBUG Horse : Создание Horse, имя [Lobster], скорость [2.8]
2024-04-23 13:47:55.733 DEBUG Horse : Создание Horse, имя [Pegasus], скорость [2.9]
2024-04-23 13:47:55.733 DEBUG Horse : Создание Horse, имя [Cherry], скорость [3.0]
2024-04-23 13:47:55.734 DEBUG Hippodrome : Создание Hippodrome, лошадей [7]
2024-04-23 13:47:55.741 ERROR Hippodrome : Horses list is null
2024-04-23 13:47:55.781 DEBUG Horse : Создание Horse, имя [Конь], скорость [1.0]
2024-04-23 13:47:55.782 DEBUG Horse : Создание Horse, имя [Конь], скорость [1.0]
2024-04-23 13:47:55.818 DEBUG Horse : Создание Horse, имя [Конь], скорость [1.0]
2024-04-23 13:47:55.818 DEBUG Horse : Создание Horse, имя [Конь], скорость [1.0]
2024-04-23 13:47:55.822 ERROR Horse : Name is null
2024-04-23 13:47:55.880 DEBUG Horse : Создание Horse, имя [Конь], скорость [1.0]
2024-04-23 13:47:55.881 DEBUG Horse : Создание Horse, имя [Конь], скорость [1.0]
2024-04-23 13:47:55.932 ERROR Horse : Name is blank
2024-04-23 13:47:55.945 DEBUG Horse : Создание Horse, имя [Конь], скорость [1.0]
2024-04-23 13:47:55.946 DEBUG Horse : Создание Horse, имя [Конь], скорость [1.0]
2024-04-23 13:47:55.948 ERROR Horse : Name is blank
2024-04-23 13:47:55.953 DEBUG Horse : Создание Horse, имя [Конь], скорость [1.0]
2024-04-23 13:47:55.954 DEBUG Horse : Создание Horse, имя [Конь], скорость [1.0]
2024-04-23 13:47:55.958 ERROR Horse : Name is blank
2024-04-23 13:47:55.962 DEBUG Horse : Создание Horse, имя [Конь], скорость [1.0]
2024-04-23 13:47:55.962 DEBUG Horse : Создание Horse, имя [Конь], скорость [1.0]
2024-04-23 13:47:55.966 ERROR Horse : Name is blank
2024-04-23 13:47:55.972 DEBUG Horse : Создание Horse, имя [Конь], скорость [1.0]
2024-04-23 13:47:55.972 DEBUG Horse : Создание Horse, имя [Конь], скорость [1.0]
2024-04-23 13:47:55.975 ERROR Horse : Name is blank
2024-04-23 13:47:55.980 DEBUG Horse : Создание Horse, имя [Конь], скорость [1.0]
2024-04-23 13:47:55.980 DEBUG Horse : Создание Horse, имя [Конь], скорость [1.0]
2024-04-23 13:47:55.992 DEBUG Horse : Создание Horse, имя [Конь], скорость [1.0]
2024-04-23 13:47:55.993 DEBUG Horse : Создание Horse, имя [Конь], скорость [1.0]
2024-04-23 13:47:55.998 DEBUG Horse : Создание Horse, имя [Конь], скорость [1.0]
2024-04-23 13:47:55.999 DEBUG Horse : Создание Horse, имя [Конь], скорость [1.0]
2024-04-23 13:47:56.003 DEBUG Horse : Создание Horse, имя [Конь], скорость [1.0]
2024-04-23 13:47:56.003 DEBUG Horse : Создание Horse, имя [Конь], скорость [1.0]
2024-04-23 13:47:56.006 ERROR Horse : Speed is negative
2024-04-23 13:47:56.008 DEBUG Horse : Создание Horse, имя [Конь], скорость [1.0]
2024-04-23 13:47:56.008 DEBUG Horse : Создание Horse, имя [Конь], скорость [1.0]
2024-04-23 13:47:56.012 DEBUG Horse : Создание Horse, имя [Конь], скорость [1.0]
2024-04-23 13:47:56.012 DEBUG Horse : Создание Horse, имя [Конь], скорость [1.0]
2024-04-23 13:47:56.015 ERROR Horse : Distance is negative
