2024-04-23 14:34:07.145 DEBUG Horse      : Создание Horse, имя [Bucephalus], скорость [2.4]
2024-04-23 14:34:07.160 DEBUG Horse      : Создание Horse, имя [Ace of Spades], скорость [2.5]
2024-04-23 14:34:07.161 DEBUG Horse      : Создание Horse, имя [Zephyr], скорость [2.6]
2024-04-23 14:34:07.161 DEBUG Horse      : Создание Horse, имя [Blaze], скорость [2.7]
2024-04-23 14:34:07.161 DEBUG Horse      : Создание Horse, имя [Lobster], скорость [2.8]
2024-04-23 14:34:07.161 DEBUG Horse      : Создание Horse, имя [Pegasus], скорость [2.9]
2024-04-23 14:34:07.166 DEBUG Horse      : Создание Horse, имя [Cherry], скорость [3.0]
2024-04-23 14:34:07.167 DEBUG Hippodrome : Создание Hippodrome, лошадей [7]
2024-04-23 14:34:07.167 INFO  Main       : Начало скачек. Количество участников: 7
2024-04-23 14:34:30.546 DEBUG Horse      : Создание Horse, имя [Bucephalus], скорость [2.4]
2024-04-23 14:34:30.551 DEBUG Horse      : Создание Horse, имя [Ace of Spades], скорость [2.5]
2024-04-23 14:34:30.552 DEBUG Horse      : Создание Horse, имя [Zephyr], скорость [2.6]
2024-04-23 14:34:30.552 DEBUG Horse      : Создание Horse, имя [Blaze], скорость [2.7]
2024-04-23 14:34:30.552 DEBUG Horse      : Создание Horse, имя [Lobster], скорость [2.8]
2024-04-23 14:34:30.553 DEBUG Horse      : Создание Horse, имя [Pegasus], скорость [2.9]
2024-04-23 14:34:30.553 DEBUG Horse      : Создание Horse, имя [Cherry], скорость [3.0]
2024-04-23 14:34:30.554 DEBUG Hippodrome : Создание Hippodrome, лошадей [7]
2024-04-23 14:34:30.554 INFO  Main       : Начало скачек. Количество участников: 7
2024-04-23 14:34:48.786 DEBUG Horse      : Создание Horse, имя [Bucephalus], скорость [2.4]
2024-04-23 14:34:48.791 DEBUG Horse      : Создание Horse, имя [Ace of Spades], скорость [2.5]
2024-04-23 14:34:48.791 DEBUG Horse      : Создание Horse, имя [Zephyr], скорость [2.6]
2024-04-23 14:34:48.791 DEBUG Horse      : Создание Horse, имя [Blaze], скорость [2.7]
2024-04-23 14:34:48.791 DEBUG Horse      : Создание Horse, имя [Lobster], скорость [2.8]
2024-04-23 14:34:48.792 DEBUG Horse      : Создание Horse, имя [Pegasus], скорость [2.9]
2024-04-23 14:34:48.792 DEBUG Horse      : Создание Horse, имя [Cherry], скорость [3.0]
2024-04-23 14:34:48.793 DEBUG Hippodrome : Создание Hippodrome, лошадей [7]
2024-04-23 14:34:48.793 INFO  Main       : Начало скачек. Количество участников: 7
